[04:16:55] [main/INFO]: Loading Minecraft 1.20.4 with Fabric Loader 0.18.4
[04:16:55] [main/INFO]: Loading 52 mods:
	- bookshelf 23.1.11
	- fabric-api 0.97.3+1.20.4
	   |-- fabric-api-base 0.4.37+78d798af4f
	   |-- fabric-api-lookup-api-v1 1.6.50+82b1bb3e4f
	   |-- fabric-biome-api-v1 13.0.17+78d798af4f
	   |-- fabric-block-api-v1 1.0.17+3e2216cb4f
	   |-- fabric-block-view-api-v2 1.0.5+78d798af4f
	   |-- fabric-blockrenderlayer-v1 1.1.47+78d798af4f
	   |-- fabric-client-tags-api-v1 1.1.8+78d798af4f
	   |-- fabric-command-api-v1 1.2.42+f71b366f4f
	   |-- fabric-command-api-v2 2.2.21+78d798af4f
	   |-- fabric-commands-v0 0.2.59+df3654b34f
	   |-- fabric-containers-v0 0.1.88+df3654b34f
	   |-- fabric-content-registries-v0 5.0.16+78d798af4f
	   |-- fabric-convention-tags-v1 1.5.11+78d798af4f
	   |-- fabric-crash-report-info-v1 0.2.24+78d798af4f
	   |-- fabric-data-attachment-api-v1 1.1.5+b90db5744f
	   |-- fabric-data-generation-api-v1 13.2.6+5c0133444f
	   |-- fabric-dimensions-v1 2.1.63+6605d1a84f
	   |-- fabric-entity-events-v1 1.6.2+09fc25014f
	   |-- fabric-events-interaction-v0 0.7.2+389931eb4f
	   |-- fabric-events-lifecycle-v0 0.2.76+df3654b34f
	   |-- fabric-game-rule-api-v1 1.0.47+78d798af4f
	   |-- fabric-item-api-v1 2.3.1+cadc140c4f
	   |-- fabric-item-group-api-v1 4.0.27+ee30b13a4f
	   |-- fabric-key-binding-api-v1 1.0.42+78d798af4f
	   |-- fabric-keybindings-v0 0.2.40+df3654b34f
	   |-- fabric-lifecycle-events-v1 2.3.1+a67ffb5d4f
	   |-- fabric-loot-api-v2 2.1.10+78d798af4f
	   |-- fabric-message-api-v1 6.0.6+78d798af4f
	   |-- fabric-mining-level-api-v1 2.1.66+78d798af4f
	   |-- fabric-model-loading-api-v1 1.0.9+78d798af4f
	   |-- fabric-models-v0 0.4.8+9386d8a74f
	   |-- fabric-networking-api-v1 3.1.9+6abb6a4b4f
	   |-- fabric-object-builder-api-v1 13.1.0+dba1195c4f
	   |-- fabric-particles-v1 1.1.8+78d798af4f
	   |-- fabric-recipe-api-v1 2.0.22+78d798af4f
	   |-- fabric-registry-sync-v0 4.0.21+ee30b13a4f
	   |-- fabric-renderer-api-v1 3.2.5+78d798af4f
	   |-- fabric-renderer-indigo 1.5.6+d331d3144f
	   |-- fabric-renderer-registries-v1 3.2.54+df3654b34f
	   |-- fabric-rendering-data-attachment-v1 0.3.43+73761d2e4f
	   |-- fabric-rendering-fluids-v1 3.1.2+e761c6694f
	   |-- fabric-rendering-v0 1.1.57+df3654b34f
	   |-- fabric-rendering-v1 3.2.1+6fd945a04f
	   |-- fabric-resource-conditions-api-v1 2.3.15+78d798af4f
	   |-- fabric-resource-loader-v0 0.11.21+ee30b13a4f
	   |-- fabric-screen-api-v1 2.0.18+78d798af4f
	   |-- fabric-screen-handler-api-v1 1.3.57+78d798af4f
	   |-- fabric-sound-api-v1 1.0.18+78d798af4f
	   |-- fabric-transfer-api-v1 4.0.12+90f2d7b14f
	   \-- fabric-transitive-access-wideners-v1 5.0.15+78d798af4f
	- fabricloader 0.18.4
	   \-- mixinextras 0.5.0
	- java 21
	- minecraft 1.20.4
	- morefood 1.20.4-1.3.0
	- mr_dungeons_andtaverns 3.1.1
	- mr_ultimate_bosses 1.0.4
	- msmlegacy 5.0.5
	- viabackwards 5.7.2
	- viafabric 0.4.17+91-main
	   |-- cotton-client-commands 1.1.0+1.15.2
	   \-- viafabric-mc1204 0.4.17+91-main
	- viarewind 4.0.15
	- viaversion 5.7.2
[04:16:56] [main/INFO]: SpongePowered MIXIN Subsystem Version=0.8.7 Source=file:/home/runner/work/fabric-1.20.4/fabric-1.20.4/libraries/net/fabricmc/sponge-mixin/0.17.0+mixin.0.8.7/sponge-mixin-0.17.0+mixin.0.8.7.jar Service=Knot/Fabric Env=SERVER
[04:16:56] [main/INFO]: Compatibility level set to JAVA_17
[04:16:56] [main/INFO]: Initializing MixinExtras via com.llamalad7.mixinextras.service.MixinExtrasServiceImpl(version=0.5.0).
[04:17:02] [main/INFO]: Fixing MC-151457. Crafting remainder for minecraft:pufferfish_bucket is now minecraft:bucket.
[04:17:02] [main/INFO]: Fixing MC-151457. Crafting remainder for minecraft:salmon_bucket is now minecraft:bucket.
[04:17:02] [main/INFO]: Fixing MC-151457. Crafting remainder for minecraft:cod_bucket is now minecraft:bucket.
[04:17:02] [main/INFO]: Fixing MC-151457. Crafting remainder for minecraft:tropical_fish_bucket is now minecraft:bucket.
[04:17:02] [main/INFO]: Fixing MC-151457. Crafting remainder for minecraft:axolotl_bucket is now minecraft:bucket.
[04:17:02] [main/INFO]: Fixing MC-151457. Crafting remainder for minecraft:powder_snow_bucket is now minecraft:bucket.
[04:17:02] [main/INFO]: Fixing MC-151457. Crafting remainder for minecraft:tadpole_bucket is now minecraft:bucket.
[04:17:02] [main/INFO]: Registering Blocks for morefood
[04:17:02] [main/INFO]: Registering ItemGroups for morefood
[04:17:02] [main/INFO]: Registering Items for morefood
[04:17:02] [main/INFO]: Loaded config file.
[04:17:02] [main/INFO]: Saved config file.
[04:17:02] [Via-Mappingloader-1/INFO]: Loading block connection mappings ...
[04:17:03] [Via-Mappingloader-1/INFO]: Using FastUtil Long2ObjectOpenHashMap for block connections
[04:17:03] [main/INFO]: Loading translations...
[04:17:03] [main/INFO]: Registering protocols...
[04:17:03] [main/INFO]: Registering protocols...
[04:17:03] [main/INFO]: ViaVersion detected server version: 1.20.3-1.20.4 (765)
[04:17:03] [ViaFabric-2/INFO]: Finished mapping loading, shutting down loader executor.
[04:17:03] [main/INFO]: Environment: Environment[sessionHost=https://sessionserver.mojang.com, servicesHost=https://api.minecraftservices.com, name=PROD]
[04:17:05] [main/INFO]: Loaded 7 recipes
[04:17:05] [main/INFO]: Loaded 1379 advancements
[04:17:05] [main/INFO]: Applied 0 biome modifications to 0 of 64 new biomes in 1.448 ms
[04:17:06] [Server thread/INFO]: Starting minecraft server version 1.20.4
[04:17:06] [Server thread/INFO]: Loading properties
[04:17:06] [Server thread/INFO]: Default game type: SURVIVAL
[04:17:06] [Server thread/INFO]: Generating keypair
[04:17:06] [Server thread/INFO]: Starting Minecraft server on *:25565
[04:17:06] [Server thread/INFO]: Using epoll channel type
[04:17:06] [Server thread/WARN]: **** SERVER IS RUNNING IN OFFLINE/INSECURE MODE!
[04:17:06] [Server thread/WARN]: The server will make no attempt to authenticate usernames. Beware.
[04:17:06] [Server thread/WARN]: While this makes the game possible to play without internet access, it also opens up the ability for hackers to connect with any username they choose.
[04:17:06] [Server thread/WARN]: To change this, set "online-mode" to "true" in the server.properties file.
[04:17:06] [Server thread/INFO]: Preparing level "world"
[04:17:09] [Server thread/INFO]: Preparing start region for dimension minecraft:overworld
[04:17:11] [Worker-Main-3/INFO]: Preparing spawn area: 0%
[04:17:11] [Worker-Main-2/INFO]: Preparing spawn area: 0%
[04:17:11] [Worker-Main-1/INFO]: Preparing spawn area: 0%
[04:17:11] [Worker-Main-1/INFO]: Preparing spawn area: 0%
[04:17:11] [Worker-Main-1/INFO]: Preparing spawn area: 0%
[04:17:12] [Worker-Main-2/INFO]: Preparing spawn area: 0%
[04:17:12] [Worker-Main-1/INFO]: Preparing spawn area: 0%
[04:17:12] [Worker-Main-1/INFO]: Preparing spawn area: 0%
[04:17:13] [Worker-Main-2/INFO]: Preparing spawn area: 4%
[04:17:13] [Worker-Main-2/INFO]: Preparing spawn area: 46%
[04:17:14] [Server thread/INFO]: Time elapsed: 4906 ms
[04:17:14] [Server thread/INFO]: Done (7.842s)! For help, type "help"
